<?xml version="1.0" encoding="UTF-8"?>
<testng-results ignored="0" total="3" passed="3" failed="0" skipped="0">
  <reporter-output>
  </reporter-output>
  <suite started-at="2021-05-10T04:33:56Z" name="GridSuite" finished-at="2021-05-10T04:35:34Z" duration-ms="97934">
    <groups>
    </groups>
    <test started-at="2021-05-10T04:33:56Z" name="chrome" finished-at="2021-05-10T04:35:34Z" duration-ms="97934">
      <class name="com.identifyNewBikes.TestGrid">
        <test-method is-config="true" signature="init(java.lang.String)[pri:0, instance:com.identifyNewBikes.TestGrid@433defed]" started-at="2021-05-10T04:33:56Z" name="init" finished-at="2021-05-10T04:34:22Z" duration-ms="25656" status="PASS">
          <params>
            <param index="0">
              <value>
                <![CDATA[chrome]]>
              </value>
            </param>
          </params>
          <reporter-output>
          </reporter-output>
        </test-method> <!-- init -->
        <test-method signature="upcomingBikesTest()[pri:1, instance:com.identifyNewBikes.TestGrid@433defed]" started-at="2021-05-10T04:34:22Z" name="upcomingBikesTest" finished-at="2021-05-10T04:35:13Z" duration-ms="51148" status="PASS">
          <reporter-output>
          </reporter-output>
        </test-method> <!-- upcomingBikesTest -->
        <test-method signature="popularUsedCarsTest()[pri:2, instance:com.identifyNewBikes.TestGrid@433defed]" started-at="2021-05-10T04:35:13Z" name="popularUsedCarsTest" finished-at="2021-05-10T04:35:20Z" duration-ms="7123" status="PASS">
          <reporter-output>
          </reporter-output>
        </test-method> <!-- popularUsedCarsTest -->
        <test-method signature="ZigwheelsSignInTest()[pri:3, instance:com.identifyNewBikes.TestGrid@433defed]" started-at="2021-05-10T04:35:20Z" name="ZigwheelsSignInTest" finished-at="2021-05-10T04:35:34Z" duration-ms="13342" status="PASS">
          <reporter-output>
          </reporter-output>
        </test-method> <!-- ZigwheelsSignInTest -->
        <test-method is-config="true" signature="closeDriver()[pri:0, instance:com.identifyNewBikes.TestGrid@433defed]" started-at="2021-05-10T04:35:34Z" name="closeDriver" finished-at="2021-05-10T04:35:34Z" duration-ms="633" status="PASS">
          <reporter-output>
          </reporter-output>
        </test-method> <!-- closeDriver -->
      </class> <!-- com.identifyNewBikes.TestGrid -->
    </test> <!-- chrome -->
  </suite> <!-- GridSuite -->
</testng-results>
