<?xml version="1.0" encoding="UTF-8"?>
<!-- Generated by org.testng.reporters.JUnitXMLReporter -->
<testsuite ignored="0" hostname="PCIN474007" failures="0" tests="3" name="Default test" time="253.828" errors="0" timestamp="08 May 2021 14:05:35 GMT">
  <testcase classname="com.identifyNewBikes.Testbase" name="upcomingBikesTest" time="43.774"/>
  <testcase classname="com.identifyNewBikes.Testbase" name="popularUsedCarsTest" time="125.691"/>
  <testcase classname="com.identifyNewBikes.Testbase" name="ZigwheelsSignInTest" time="18.811"/>
</testsuite> <!-- Default test -->
