<?xml version="1.0" encoding="UTF-8"?>
<!-- Generated by org.testng.reporters.JUnitXMLReporter -->
<testsuite ignored="0" hostname="PCIN474007" failures="0" tests="3" name="Default test" time="111.351" errors="0" timestamp="08 May 2021 10:19:57 GMT">
  <testcase classname="com.identifyNewBikes.Testbase" name="upcomingBikesTest" time="52.241"/>
  <testcase classname="com.identifyNewBikes.Testbase" name="popularUsedCarsTest" time="14.339"/>
  <testcase classname="com.identifyNewBikes.Testbase" name="ZigwheelsSignInTest" time="15.242"/>
</testsuite> <!-- Default test -->
