<?xml version="1.0" encoding="UTF-8"?>
<!-- Generated by org.testng.reporters.JUnitXMLReporter -->
<testsuite ignored="0" hostname="PCIN474007" failures="0" tests="3" name="chrome" time="97.934" errors="0" timestamp="10 May 2021 04:35:34 GMT">
  <testcase classname="com.identifyNewBikes.TestGrid" name="upcomingBikesTest" time="51.148"/>
  <testcase classname="com.identifyNewBikes.TestGrid" name="popularUsedCarsTest" time="7.123"/>
  <testcase classname="com.identifyNewBikes.TestGrid" name="ZigwheelsSignInTest" time="13.342"/>
</testsuite> <!-- chrome -->
