<?xml version="1.0" encoding="UTF-8"?>
<!-- Generated by org.testng.reporters.JUnitXMLReporter -->
<testsuite ignored="0" hostname="PCIN474007" failures="0" tests="3" name="chrome" time="64.472" errors="0" timestamp="08 May 2021 08:54:19 GMT">
  <testcase classname="com.identifyNewBikes.TestGrid" name="upcomingBikesTest" time="22.651"/>
  <testcase classname="com.identifyNewBikes.TestGrid" name="popularUsedCarsTest" time="12.306"/>
  <testcase classname="com.identifyNewBikes.TestGrid" name="ZigwheelsSignInTest" time="11.185"/>
</testsuite> <!-- chrome -->
